erresc: unknown str ESC]10
erresc: unknown str ESC]11
erresc: unknown str ESC]12
erresc: unknown str ESC]10
erresc: unknown str ESC]11
erresc: unknown str ESC]12
erresc: unknown str ESC]10
erresc: unknown str ESC]11
erresc: unknown str ESC]12
erresc: unknown str ESC]10
erresc: unknown str ESC]11
erresc: unknown str ESC]12
[1547:1547:0330/110554.530613:ERROR:edid_parser.cc(102)] Too short EDID data: manufacturer id
[1569:1569:0330/110554.676758:ERROR:sandbox_linux.cc(374)] InitializeSandbox() called with multiple threads in process gpu-process.
[1547:1564:0330/110554.983490:ERROR:rewards_service_impl.cc(206)] Failed to read file: /home/philipp/.config/BraveSoftware/Brave-Browser/Default/ledger_state
[1592:1592:0330/110555.057793:ERROR:ledger_impl.cc(102)] Failed to initialize wallet
[1547:1652:0330/110555.083041:ERROR:object_proxy.cc(632)] Failed to call method: org.freedesktop.DBus.Properties.Get: object_path= /org/freedesktop/UPower: org.freedesktop.DBus.Error.ServiceUnknown: The name org.freedesktop.UPower was not provided by any .service files
[1547:1652:0330/110555.084249:ERROR:object_proxy.cc(632)] Failed to call method: org.freedesktop.UPower.GetDisplayDevice: object_path= /org/freedesktop/UPower: org.freedesktop.DBus.Error.ServiceUnknown: The name org.freedesktop.UPower was not provided by any .service files
[1547:1652:0330/110555.084545:ERROR:object_proxy.cc(632)] Failed to call method: org.freedesktop.UPower.EnumerateDevices: object_path= /org/freedesktop/UPower: org.freedesktop.DBus.Error.ServiceUnknown: The name org.freedesktop.UPower was not provided by any .service files
[1547:1547:0330/110558.162776:ERROR:brave_referrals_service.cc(314)] Failed to perform referral finalization check, error: 0, response code: 409, payload: {"statusCode":409,"error":"Conflict","message":"download already finalized"}, url: https://laptop-updates.brave.com/promo/activity
[1903:1:0330/110607.104871:ERROR:child_process_sandbox_support_impl_linux.cc(79)] FontService unique font name matching request did not receive a response.
[1903:1:0330/110607.106023:ERROR:child_process_sandbox_support_impl_linux.cc(79)] FontService unique font name matching request did not receive a response.
[1903:1:0330/110607.107980:ERROR:child_process_sandbox_support_impl_linux.cc(79)] FontService unique font name matching request did not receive a response.
[1903:1:0330/110607.109050:ERROR:child_process_sandbox_support_impl_linux.cc(79)] FontService unique font name matching request did not receive a response.
[1903:1:0330/110607.110453:ERROR:child_process_sandbox_support_impl_linux.cc(79)] FontService unique font name matching request did not receive a response.
[1903:1:0330/110607.111436:ERROR:child_process_sandbox_support_impl_linux.cc(79)] FontService unique font name matching request did not receive a response.
[1547:1547:0330/110654.784326:ERROR:gcm_channel_status_request.cc(145)] GCM channel request failed.
[1547:1547:0330/110718.438082:ERROR:gcm_channel_status_request.cc(145)] GCM channel request failed.
[1547:1547:0330/110817.781015:ERROR:gcm_channel_status_request.cc(145)] GCM channel request failed.
[1547:1547:0330/110957.177386:ERROR:gcm_channel_status_request.cc(145)] GCM channel request failed.
[1547:1547:0330/111244.006604:ERROR:gcm_channel_status_request.cc(145)] GCM channel request failed.
[1547:1547:0330/111309.228019:ERROR:CONSOLE(1)] "[Shields]: Can't request shields panel data. Error: No tab url specified", source: chrome-extension://mnojpmjdmbbfmejpflffifhffcmidifd/out/brave_extension_background.bundle.js (1)
[1547:1547:0330/111309.228086:ERROR:CONSOLE(1)] "[Shields]: Can't request shields panel data. Error: No tab url specified", source: chrome-extension://mnojpmjdmbbfmejpflffifhffcmidifd/out/brave_extension_background.bundle.js (1)
[1547:1547:0330/111309.252155:ERROR:CONSOLE(0)] "Unchecked runtime.lastError: Cannot access contents of url "chrome://newtab/". Extension manifest must request permission to access this host.", source: chrome-extension://mnojpmjdmbbfmejpflffifhffcmidifd/_generated_background_page.html (0)
[1547:1547:0330/111822.051365:ERROR:gcm_channel_status_request.cc(145)] GCM channel request failed.
[1547:1547:0330/112822.060231:ERROR:gcm_channel_status_request.cc(145)] GCM channel request failed.
[1547:1547:0330/113822.068238:ERROR:gcm_channel_status_request.cc(145)] GCM channel request failed.
[1547:1547:0330/114822.204699:ERROR:gcm_channel_status_request.cc(145)] GCM channel request failed.
[1547:1547:0330/115822.212846:ERROR:gcm_channel_status_request.cc(145)] GCM channel request failed.
